<?xml version="1.0" encoding="UTF-8"?>
<!-- Generated by org.testng.reporters.JUnitXMLReporter -->
<testsuite ignored="1" hostname="Abdul_Rahuman" failures="0" tests="1" name="ChromeTest" time="4.352" errors="0" timestamp="2024-08-29T07:18:03 IST">
  <testcase classname="testCases.ManageProductPageTest" name="verifyListProductPage" time="1.01"/>
  <testcase classname="testCases.ManageProductPageTest" name="verifyAddProductPage" time="0.0">
    <ignored/>
  </testcase> <!-- verifyAddProductPage -->
</testsuite> <!-- ChromeTest -->
