<?xml version="1.0" encoding="UTF-8"?>
<!-- Generated by org.testng.reporters.JUnitXMLReporter -->
<testsuite ignored="1" hostname="Abdul_Rahuman" failures="0" tests="1" name="ChromeTest" time="8.798" errors="0" timestamp="2024-09-02T22:57:49 IST">
  <testcase classname="testCases.ManageProductPageTest" name="verifyListProductPage" time="1.994"/>
  <testcase classname="testCases.ManageProductPageTest" name="verifyAddProductPage" time="0.0">
    <ignored/>
  </testcase> <!-- verifyAddProductPage -->
</testsuite> <!-- ChromeTest -->
