<?xml version="1.0" encoding="UTF-8"?>
<testng-results ignored="1" total="2" passed="1" failed="0" skipped="0">
  <reporter-output>
  </reporter-output>
  <suite started-at="2024-09-02T22:57:40 IST" name="GroceryAppSuite" finished-at="2024-09-02T22:57:49 IST" duration-ms="8798">
    <groups>
    </groups>
    <test started-at="2024-09-02T22:57:40 IST" name="ChromeTest" finished-at="2024-09-02T22:57:49 IST" duration-ms="8798">
      <class name="testCases.ManageProductPageTest">
        <test-method is-config="true" signature="beforeMethod(java.lang.String)[pri:0, instance:testCases.ManageProductPageTest@1800a575]" started-at="2024-09-02T22:57:40 IST" name="beforeMethod" finished-at="2024-09-02T22:57:46 IST" duration-ms="6037" status="PASS">
          <params>
            <param index="0">
              <value>
                <![CDATA[Chrome]]>
              </value>
            </param>
          </params>
          <reporter-output>
          </reporter-output>
        </test-method> <!-- beforeMethod -->
        <test-method signature="verifyListProductPage()[pri:0, instance:testCases.ManageProductPageTest@1800a575]" started-at="2024-09-02T22:57:46 IST" name="verifyListProductPage" finished-at="2024-09-02T22:57:48 IST" duration-ms="1994" status="PASS">
          <reporter-output>
          </reporter-output>
        </test-method> <!-- verifyListProductPage -->
        <test-method is-config="true" signature="afterMethod(org.testng.ITestResult)[pri:0, instance:testCases.ManageProductPageTest@1800a575]" started-at="2024-09-02T22:57:48 IST" name="afterMethod" finished-at="2024-09-02T22:57:49 IST" duration-ms="373" status="PASS">
          <params>
            <param index="0">
              <value>
                <![CDATA[[TestResult name=verifyListProductPage status=SUCCESS method=ManageProductPageTest.verifyListProductPage()[pri:0, instance:testCases.ManageProductPageTest@1800a575] output={null}]]]>
              </value>
            </param>
          </params>
          <reporter-output>
          </reporter-output>
        </test-method> <!-- afterMethod -->
      </class> <!-- testCases.ManageProductPageTest -->
    </test> <!-- ChromeTest -->
  </suite> <!-- GroceryAppSuite -->
</testng-results>
